[INFO  - 2014-04-08T01:33:03.426Z] GhostDriver - Main - running on port 31450
[INFO  - 2014-04-08T01:33:03.813Z] Session [ba7ce310-bebd-11e3-8e8d-75affec9a57c] - page.settings - {"XSSAuditingEnabled":false,"javascriptCanCloseWindows":true,"javascriptCanOpenWindows":true,"javascriptEnabled":true,"loadImages":true,"localToRemoteUrlAccessEnabled":false,"userAgent":"Mozilla/5.0 (Unknown; Linux x86_64) AppleWebKit/534.34 (KHTML, like Gecko) PhantomJS/1.9.7 Safari/534.34","webSecurityEnabled":true}
[INFO  - 2014-04-08T01:33:03.813Z] Session [ba7ce310-bebd-11e3-8e8d-75affec9a57c] - page.customHeaders:  - {}
[INFO  - 2014-04-08T01:33:03.813Z] Session [ba7ce310-bebd-11e3-8e8d-75affec9a57c] - Session.negotiatedCapabilities - {"browserName":"phantomjs","version":"1.9.7","driverName":"ghostdriver","driverVersion":"1.1.0","platform":"linux-unknown-64bit","javascriptEnabled":true,"takesScreenshot":true,"handlesAlerts":false,"databaseEnabled":false,"locationContextEnabled":false,"applicationCacheEnabled":false,"browserConnectionEnabled":false,"cssSelectorsEnabled":true,"webStorageEnabled":false,"rotatable":false,"acceptSslCerts":false,"nativeEvents":true,"proxy":{"proxyType":"direct"}}
[INFO  - 2014-04-08T01:33:03.813Z] SessionManagerReqHand - _postNewSessionCommand - New Session Created: ba7ce310-bebd-11e3-8e8d-75affec9a57c
[INFO  - 2014-04-08T01:33:03.945Z] ShutdownReqHand - _handle - About to shutdown
[INFO  - 2014-04-08T02:52:52.765Z] GhostDriver - Main - running on port 11617
[INFO  - 2014-04-08T02:52:53.019Z] Session [e113ba70-bec8-11e3-9dad-b391a0df8e49] - page.settings - {"XSSAuditingEnabled":false,"javascriptCanCloseWindows":true,"javascriptCanOpenWindows":true,"javascriptEnabled":true,"loadImages":true,"localToRemoteUrlAccessEnabled":false,"userAgent":"Mozilla/5.0 (Unknown; Linux x86_64) AppleWebKit/534.34 (KHTML, like Gecko) PhantomJS/1.9.7 Safari/534.34","webSecurityEnabled":true}
[INFO  - 2014-04-08T02:52:53.019Z] Session [e113ba70-bec8-11e3-9dad-b391a0df8e49] - page.customHeaders:  - {}
[INFO  - 2014-04-08T02:52:53.019Z] Session [e113ba70-bec8-11e3-9dad-b391a0df8e49] - Session.negotiatedCapabilities - {"browserName":"phantomjs","version":"1.9.7","driverName":"ghostdriver","driverVersion":"1.1.0","platform":"linux-unknown-64bit","javascriptEnabled":true,"takesScreenshot":true,"handlesAlerts":false,"databaseEnabled":false,"locationContextEnabled":false,"applicationCacheEnabled":false,"browserConnectionEnabled":false,"cssSelectorsEnabled":true,"webStorageEnabled":false,"rotatable":false,"acceptSslCerts":false,"nativeEvents":true,"proxy":{"proxyType":"direct"}}
[INFO  - 2014-04-08T02:52:53.019Z] SessionManagerReqHand - _postNewSessionCommand - New Session Created: e113ba70-bec8-11e3-9dad-b391a0df8e49
[INFO  - 2014-04-08T02:52:53.152Z] ShutdownReqHand - _handle - About to shutdown
[INFO  - 2014-04-08T02:53:21.615Z] GhostDriver - Main - running on port 28870
[INFO  - 2014-04-08T02:53:22.015Z] Session [f25c2ab0-bec8-11e3-aaa6-6b5d9f5befe7] - page.settings - {"XSSAuditingEnabled":false,"javascriptCanCloseWindows":true,"javascriptCanOpenWindows":true,"javascriptEnabled":true,"loadImages":true,"localToRemoteUrlAccessEnabled":false,"userAgent":"Mozilla/5.0 (Unknown; Linux x86_64) AppleWebKit/534.34 (KHTML, like Gecko) PhantomJS/1.9.7 Safari/534.34","webSecurityEnabled":true}
[INFO  - 2014-04-08T02:53:22.015Z] Session [f25c2ab0-bec8-11e3-aaa6-6b5d9f5befe7] - page.customHeaders:  - {}
[INFO  - 2014-04-08T02:53:22.015Z] Session [f25c2ab0-bec8-11e3-aaa6-6b5d9f5befe7] - Session.negotiatedCapabilities - {"browserName":"phantomjs","version":"1.9.7","driverName":"ghostdriver","driverVersion":"1.1.0","platform":"linux-unknown-64bit","javascriptEnabled":true,"takesScreenshot":true,"handlesAlerts":false,"databaseEnabled":false,"locationContextEnabled":false,"applicationCacheEnabled":false,"browserConnectionEnabled":false,"cssSelectorsEnabled":true,"webStorageEnabled":false,"rotatable":false,"acceptSslCerts":false,"nativeEvents":true,"proxy":{"proxyType":"direct"}}
[INFO  - 2014-04-08T02:53:22.015Z] SessionManagerReqHand - _postNewSessionCommand - New Session Created: f25c2ab0-bec8-11e3-aaa6-6b5d9f5befe7
[INFO  - 2014-04-08T02:53:22.142Z] ShutdownReqHand - _handle - About to shutdown
[INFO  - 2014-04-08T02:55:47.686Z] GhostDriver - Main - running on port 23969
[INFO  - 2014-04-08T02:55:48.103Z] Session [496f9440-bec9-11e3-8621-093f1ddef04b] - page.settings - {"XSSAuditingEnabled":false,"javascriptCanCloseWindows":true,"javascriptCanOpenWindows":true,"javascriptEnabled":true,"loadImages":true,"localToRemoteUrlAccessEnabled":false,"userAgent":"Mozilla/5.0 (Unknown; Linux x86_64) AppleWebKit/534.34 (KHTML, like Gecko) PhantomJS/1.9.7 Safari/534.34","webSecurityEnabled":true}
[INFO  - 2014-04-08T02:55:48.103Z] Session [496f9440-bec9-11e3-8621-093f1ddef04b] - page.customHeaders:  - {}
[INFO  - 2014-04-08T02:55:48.103Z] Session [496f9440-bec9-11e3-8621-093f1ddef04b] - Session.negotiatedCapabilities - {"browserName":"phantomjs","version":"1.9.7","driverName":"ghostdriver","driverVersion":"1.1.0","platform":"linux-unknown-64bit","javascriptEnabled":true,"takesScreenshot":true,"handlesAlerts":false,"databaseEnabled":false,"locationContextEnabled":false,"applicationCacheEnabled":false,"browserConnectionEnabled":false,"cssSelectorsEnabled":true,"webStorageEnabled":false,"rotatable":false,"acceptSslCerts":false,"nativeEvents":true,"proxy":{"proxyType":"direct"}}
[INFO  - 2014-04-08T02:55:48.104Z] SessionManagerReqHand - _postNewSessionCommand - New Session Created: 496f9440-bec9-11e3-8621-093f1ddef04b
[INFO  - 2014-04-08T02:55:48.239Z] ShutdownReqHand - _handle - About to shutdown
[INFO  - 2014-04-08T03:01:00.985Z] GhostDriver - Main - running on port 17680
[INFO  - 2014-04-08T03:01:01.416Z] Session [042f5950-beca-11e3-8c4c-bb4b28ddb781] - page.settings - {"XSSAuditingEnabled":false,"javascriptCanCloseWindows":true,"javascriptCanOpenWindows":true,"javascriptEnabled":true,"loadImages":true,"localToRemoteUrlAccessEnabled":false,"userAgent":"Mozilla/5.0 (Unknown; Linux x86_64) AppleWebKit/534.34 (KHTML, like Gecko) PhantomJS/1.9.7 Safari/534.34","webSecurityEnabled":true}
[INFO  - 2014-04-08T03:01:01.416Z] Session [042f5950-beca-11e3-8c4c-bb4b28ddb781] - page.customHeaders:  - {}
[INFO  - 2014-04-08T03:01:01.416Z] Session [042f5950-beca-11e3-8c4c-bb4b28ddb781] - Session.negotiatedCapabilities - {"browserName":"phantomjs","version":"1.9.7","driverName":"ghostdriver","driverVersion":"1.1.0","platform":"linux-unknown-64bit","javascriptEnabled":true,"takesScreenshot":true,"handlesAlerts":false,"databaseEnabled":false,"locationContextEnabled":false,"applicationCacheEnabled":false,"browserConnectionEnabled":false,"cssSelectorsEnabled":true,"webStorageEnabled":false,"rotatable":false,"acceptSslCerts":false,"nativeEvents":true,"proxy":{"proxyType":"direct"}}
[INFO  - 2014-04-08T03:01:01.416Z] SessionManagerReqHand - _postNewSessionCommand - New Session Created: 042f5950-beca-11e3-8c4c-bb4b28ddb781
[INFO  - 2014-04-08T03:01:02.927Z] ShutdownReqHand - _handle - About to shutdown
[INFO  - 2014-04-08T03:05:04.485Z] GhostDriver - Main - running on port 18480
[INFO  - 2014-04-08T03:05:04.930Z] Session [95547be0-beca-11e3-92d9-8d99f6993a26] - page.settings - {"XSSAuditingEnabled":false,"javascriptCanCloseWindows":true,"javascriptCanOpenWindows":true,"javascriptEnabled":true,"loadImages":true,"localToRemoteUrlAccessEnabled":false,"userAgent":"Mozilla/5.0 (Unknown; Linux x86_64) AppleWebKit/534.34 (KHTML, like Gecko) PhantomJS/1.9.7 Safari/534.34","webSecurityEnabled":true}
[INFO  - 2014-04-08T03:05:04.930Z] Session [95547be0-beca-11e3-92d9-8d99f6993a26] - page.customHeaders:  - {}
[INFO  - 2014-04-08T03:05:04.930Z] Session [95547be0-beca-11e3-92d9-8d99f6993a26] - Session.negotiatedCapabilities - {"browserName":"phantomjs","version":"1.9.7","driverName":"ghostdriver","driverVersion":"1.1.0","platform":"linux-unknown-64bit","javascriptEnabled":true,"takesScreenshot":true,"handlesAlerts":false,"databaseEnabled":false,"locationContextEnabled":false,"applicationCacheEnabled":false,"browserConnectionEnabled":false,"cssSelectorsEnabled":true,"webStorageEnabled":false,"rotatable":false,"acceptSslCerts":false,"nativeEvents":true,"proxy":{"proxyType":"direct"}}
[INFO  - 2014-04-08T03:05:04.930Z] SessionManagerReqHand - _postNewSessionCommand - New Session Created: 95547be0-beca-11e3-92d9-8d99f6993a26
[INFO  - 2014-04-08T03:05:05.049Z] ShutdownReqHand - _handle - About to shutdown
[INFO  - 2014-04-08T03:05:58.958Z] GhostDriver - Main - running on port 22835
[INFO  - 2014-04-08T03:05:59.186Z] Session [b5ab71f0-beca-11e3-b1bd-6925ef41f7b2] - page.settings - {"XSSAuditingEnabled":false,"javascriptCanCloseWindows":true,"javascriptCanOpenWindows":true,"javascriptEnabled":true,"loadImages":true,"localToRemoteUrlAccessEnabled":false,"userAgent":"Mozilla/5.0 (Unknown; Linux x86_64) AppleWebKit/534.34 (KHTML, like Gecko) PhantomJS/1.9.7 Safari/534.34","webSecurityEnabled":true}
[INFO  - 2014-04-08T03:05:59.186Z] Session [b5ab71f0-beca-11e3-b1bd-6925ef41f7b2] - page.customHeaders:  - {}
[INFO  - 2014-04-08T03:05:59.186Z] Session [b5ab71f0-beca-11e3-b1bd-6925ef41f7b2] - Session.negotiatedCapabilities - {"browserName":"phantomjs","version":"1.9.7","driverName":"ghostdriver","driverVersion":"1.1.0","platform":"linux-unknown-64bit","javascriptEnabled":true,"takesScreenshot":true,"handlesAlerts":false,"databaseEnabled":false,"locationContextEnabled":false,"applicationCacheEnabled":false,"browserConnectionEnabled":false,"cssSelectorsEnabled":true,"webStorageEnabled":false,"rotatable":false,"acceptSslCerts":false,"nativeEvents":true,"proxy":{"proxyType":"direct"}}
[INFO  - 2014-04-08T03:05:59.186Z] SessionManagerReqHand - _postNewSessionCommand - New Session Created: b5ab71f0-beca-11e3-b1bd-6925ef41f7b2
[INFO  - 2014-04-08T03:06:00.676Z] ShutdownReqHand - _handle - About to shutdown
[INFO  - 2014-04-08T03:06:47.104Z] GhostDriver - Main - running on port 7679
[INFO  - 2014-04-08T03:06:47.537Z] Session [d27d38e0-beca-11e3-9934-810f0b8e507e] - page.settings - {"XSSAuditingEnabled":false,"javascriptCanCloseWindows":true,"javascriptCanOpenWindows":true,"javascriptEnabled":true,"loadImages":true,"localToRemoteUrlAccessEnabled":false,"userAgent":"Mozilla/5.0 (Unknown; Linux x86_64) AppleWebKit/534.34 (KHTML, like Gecko) PhantomJS/1.9.7 Safari/534.34","webSecurityEnabled":true}
[INFO  - 2014-04-08T03:06:47.537Z] Session [d27d38e0-beca-11e3-9934-810f0b8e507e] - page.customHeaders:  - {}
[INFO  - 2014-04-08T03:06:47.537Z] Session [d27d38e0-beca-11e3-9934-810f0b8e507e] - Session.negotiatedCapabilities - {"browserName":"phantomjs","version":"1.9.7","driverName":"ghostdriver","driverVersion":"1.1.0","platform":"linux-unknown-64bit","javascriptEnabled":true,"takesScreenshot":true,"handlesAlerts":false,"databaseEnabled":false,"locationContextEnabled":false,"applicationCacheEnabled":false,"browserConnectionEnabled":false,"cssSelectorsEnabled":true,"webStorageEnabled":false,"rotatable":false,"acceptSslCerts":false,"nativeEvents":true,"proxy":{"proxyType":"direct"}}
[INFO  - 2014-04-08T03:06:47.537Z] SessionManagerReqHand - _postNewSessionCommand - New Session Created: d27d38e0-beca-11e3-9934-810f0b8e507e
[ERROR - 2014-04-08T03:06:49.313Z] WebElementLocator - _handleLocateCommand - Element(s) NOT Found: GAVE UP. Search Stop Time: 1396926409274
[INFO  - 2014-04-08T03:06:49.641Z] ShutdownReqHand - _handle - About to shutdown
[INFO  - 2014-04-08T03:09:47.289Z] GhostDriver - Main - running on port 20792
[INFO  - 2014-04-08T03:09:47.508Z] Session [3dc27700-becb-11e3-8ac5-d5882faddee4] - page.settings - {"XSSAuditingEnabled":false,"javascriptCanCloseWindows":true,"javascriptCanOpenWindows":true,"javascriptEnabled":true,"loadImages":true,"localToRemoteUrlAccessEnabled":false,"userAgent":"Mozilla/5.0 (Unknown; Linux x86_64) AppleWebKit/534.34 (KHTML, like Gecko) PhantomJS/1.9.7 Safari/534.34","webSecurityEnabled":true}
[INFO  - 2014-04-08T03:09:47.508Z] Session [3dc27700-becb-11e3-8ac5-d5882faddee4] - page.customHeaders:  - {}
[INFO  - 2014-04-08T03:09:47.508Z] Session [3dc27700-becb-11e3-8ac5-d5882faddee4] - Session.negotiatedCapabilities - {"browserName":"phantomjs","version":"1.9.7","driverName":"ghostdriver","driverVersion":"1.1.0","platform":"linux-unknown-64bit","javascriptEnabled":true,"takesScreenshot":true,"handlesAlerts":false,"databaseEnabled":false,"locationContextEnabled":false,"applicationCacheEnabled":false,"browserConnectionEnabled":false,"cssSelectorsEnabled":true,"webStorageEnabled":false,"rotatable":false,"acceptSslCerts":false,"nativeEvents":true,"proxy":{"proxyType":"direct"}}
[INFO  - 2014-04-08T03:09:47.508Z] SessionManagerReqHand - _postNewSessionCommand - New Session Created: 3dc27700-becb-11e3-8ac5-d5882faddee4
[INFO  - 2014-04-08T03:09:49.321Z] ShutdownReqHand - _handle - About to shutdown
[INFO  - 2014-04-08T03:10:29.965Z] GhostDriver - Main - running on port 18599
[INFO  - 2014-04-08T03:10:30.383Z] Session [5750abb0-becb-11e3-935a-e78854d249a8] - page.settings - {"XSSAuditingEnabled":false,"javascriptCanCloseWindows":true,"javascriptCanOpenWindows":true,"javascriptEnabled":true,"loadImages":true,"localToRemoteUrlAccessEnabled":false,"userAgent":"Mozilla/5.0 (Unknown; Linux x86_64) AppleWebKit/534.34 (KHTML, like Gecko) PhantomJS/1.9.7 Safari/534.34","webSecurityEnabled":true}
[INFO  - 2014-04-08T03:10:30.383Z] Session [5750abb0-becb-11e3-935a-e78854d249a8] - page.customHeaders:  - {}
[INFO  - 2014-04-08T03:10:30.383Z] Session [5750abb0-becb-11e3-935a-e78854d249a8] - Session.negotiatedCapabilities - {"browserName":"phantomjs","version":"1.9.7","driverName":"ghostdriver","driverVersion":"1.1.0","platform":"linux-unknown-64bit","javascriptEnabled":true,"takesScreenshot":true,"handlesAlerts":false,"databaseEnabled":false,"locationContextEnabled":false,"applicationCacheEnabled":false,"browserConnectionEnabled":false,"cssSelectorsEnabled":true,"webStorageEnabled":false,"rotatable":false,"acceptSslCerts":false,"nativeEvents":true,"proxy":{"proxyType":"direct"}}
[INFO  - 2014-04-08T03:10:30.383Z] SessionManagerReqHand - _postNewSessionCommand - New Session Created: 5750abb0-becb-11e3-935a-e78854d249a8
[INFO  - 2014-04-08T03:10:30.512Z] ShutdownReqHand - _handle - About to shutdown
[INFO  - 2014-04-08T03:11:12.744Z] GhostDriver - Main - running on port 1929
[INFO  - 2014-04-08T03:11:12.973Z] Session [70b38aa0-becb-11e3-a105-a3485a527e3c] - page.settings - {"XSSAuditingEnabled":false,"javascriptCanCloseWindows":true,"javascriptCanOpenWindows":true,"javascriptEnabled":true,"loadImages":true,"localToRemoteUrlAccessEnabled":false,"userAgent":"Mozilla/5.0 (Unknown; Linux x86_64) AppleWebKit/534.34 (KHTML, like Gecko) PhantomJS/1.9.7 Safari/534.34","webSecurityEnabled":true}
[INFO  - 2014-04-08T03:11:12.973Z] Session [70b38aa0-becb-11e3-a105-a3485a527e3c] - page.customHeaders:  - {}
[INFO  - 2014-04-08T03:11:12.974Z] Session [70b38aa0-becb-11e3-a105-a3485a527e3c] - Session.negotiatedCapabilities - {"browserName":"phantomjs","version":"1.9.7","driverName":"ghostdriver","driverVersion":"1.1.0","platform":"linux-unknown-64bit","javascriptEnabled":true,"takesScreenshot":true,"handlesAlerts":false,"databaseEnabled":false,"locationContextEnabled":false,"applicationCacheEnabled":false,"browserConnectionEnabled":false,"cssSelectorsEnabled":true,"webStorageEnabled":false,"rotatable":false,"acceptSslCerts":false,"nativeEvents":true,"proxy":{"proxyType":"direct"}}
[INFO  - 2014-04-08T03:11:12.974Z] SessionManagerReqHand - _postNewSessionCommand - New Session Created: 70b38aa0-becb-11e3-a105-a3485a527e3c
[INFO  - 2014-04-08T03:11:13.085Z] ShutdownReqHand - _handle - About to shutdown
[INFO  - 2014-04-08T03:14:23.476Z] GhostDriver - Main - running on port 15876
[INFO  - 2014-04-08T03:14:23.824Z] Session [e274f0c0-becb-11e3-b70c-f5475a395b5c] - page.settings - {"XSSAuditingEnabled":false,"javascriptCanCloseWindows":true,"javascriptCanOpenWindows":true,"javascriptEnabled":true,"loadImages":true,"localToRemoteUrlAccessEnabled":false,"userAgent":"Mozilla/5.0 (Unknown; Linux x86_64) AppleWebKit/534.34 (KHTML, like Gecko) PhantomJS/1.9.7 Safari/534.34","webSecurityEnabled":true}
[INFO  - 2014-04-08T03:14:23.824Z] Session [e274f0c0-becb-11e3-b70c-f5475a395b5c] - page.customHeaders:  - {}
[INFO  - 2014-04-08T03:14:23.824Z] Session [e274f0c0-becb-11e3-b70c-f5475a395b5c] - Session.negotiatedCapabilities - {"browserName":"phantomjs","version":"1.9.7","driverName":"ghostdriver","driverVersion":"1.1.0","platform":"linux-unknown-64bit","javascriptEnabled":true,"takesScreenshot":true,"handlesAlerts":false,"databaseEnabled":false,"locationContextEnabled":false,"applicationCacheEnabled":false,"browserConnectionEnabled":false,"cssSelectorsEnabled":true,"webStorageEnabled":false,"rotatable":false,"acceptSslCerts":false,"nativeEvents":true,"proxy":{"proxyType":"direct"}}
[INFO  - 2014-04-08T03:14:23.824Z] SessionManagerReqHand - _postNewSessionCommand - New Session Created: e274f0c0-becb-11e3-b70c-f5475a395b5c
[INFO  - 2014-04-08T03:14:23.934Z] ShutdownReqHand - _handle - About to shutdown
[INFO  - 2014-04-08T03:15:51.465Z] GhostDriver - Main - running on port 27132
[INFO  - 2014-04-08T03:15:51.882Z] Session [16f18660-becc-11e3-b4e4-2f4bcedede56] - page.settings - {"XSSAuditingEnabled":false,"javascriptCanCloseWindows":true,"javascriptCanOpenWindows":true,"javascriptEnabled":true,"loadImages":true,"localToRemoteUrlAccessEnabled":false,"userAgent":"Mozilla/5.0 (Unknown; Linux x86_64) AppleWebKit/534.34 (KHTML, like Gecko) PhantomJS/1.9.7 Safari/534.34","webSecurityEnabled":true}
[INFO  - 2014-04-08T03:15:51.882Z] Session [16f18660-becc-11e3-b4e4-2f4bcedede56] - page.customHeaders:  - {}
[INFO  - 2014-04-08T03:15:51.882Z] Session [16f18660-becc-11e3-b4e4-2f4bcedede56] - Session.negotiatedCapabilities - {"browserName":"phantomjs","version":"1.9.7","driverName":"ghostdriver","driverVersion":"1.1.0","platform":"linux-unknown-64bit","javascriptEnabled":true,"takesScreenshot":true,"handlesAlerts":false,"databaseEnabled":false,"locationContextEnabled":false,"applicationCacheEnabled":false,"browserConnectionEnabled":false,"cssSelectorsEnabled":true,"webStorageEnabled":false,"rotatable":false,"acceptSslCerts":false,"nativeEvents":true,"proxy":{"proxyType":"direct"}}
[INFO  - 2014-04-08T03:15:51.882Z] SessionManagerReqHand - _postNewSessionCommand - New Session Created: 16f18660-becc-11e3-b4e4-2f4bcedede56
[INFO  - 2014-04-08T03:15:52.005Z] ShutdownReqHand - _handle - About to shutdown
[INFO  - 2014-04-08T03:16:19.628Z] GhostDriver - Main - running on port 27273
[INFO  - 2014-04-08T03:16:20.051Z] Session [27bbc5f0-becc-11e3-9d08-b7ef4d7f9f23] - page.settings - {"XSSAuditingEnabled":false,"javascriptCanCloseWindows":true,"javascriptCanOpenWindows":true,"javascriptEnabled":true,"loadImages":true,"localToRemoteUrlAccessEnabled":false,"userAgent":"Mozilla/5.0 (Unknown; Linux x86_64) AppleWebKit/534.34 (KHTML, like Gecko) PhantomJS/1.9.7 Safari/534.34","webSecurityEnabled":true}
[INFO  - 2014-04-08T03:16:20.051Z] Session [27bbc5f0-becc-11e3-9d08-b7ef4d7f9f23] - page.customHeaders:  - {}
[INFO  - 2014-04-08T03:16:20.051Z] Session [27bbc5f0-becc-11e3-9d08-b7ef4d7f9f23] - Session.negotiatedCapabilities - {"browserName":"phantomjs","version":"1.9.7","driverName":"ghostdriver","driverVersion":"1.1.0","platform":"linux-unknown-64bit","javascriptEnabled":true,"takesScreenshot":true,"handlesAlerts":false,"databaseEnabled":false,"locationContextEnabled":false,"applicationCacheEnabled":false,"browserConnectionEnabled":false,"cssSelectorsEnabled":true,"webStorageEnabled":false,"rotatable":false,"acceptSslCerts":false,"nativeEvents":true,"proxy":{"proxyType":"direct"}}
[INFO  - 2014-04-08T03:16:20.051Z] SessionManagerReqHand - _postNewSessionCommand - New Session Created: 27bbc5f0-becc-11e3-9d08-b7ef4d7f9f23
[INFO  - 2014-04-08T03:16:20.178Z] ShutdownReqHand - _handle - About to shutdown
[INFO  - 2014-04-08T03:17:37.016Z] GhostDriver - Main - running on port 30561
[INFO  - 2014-04-08T03:17:37.453Z] Session [55de6190-becc-11e3-aef9-0f5a456d36ca] - page.settings - {"XSSAuditingEnabled":false,"javascriptCanCloseWindows":true,"javascriptCanOpenWindows":true,"javascriptEnabled":true,"loadImages":true,"localToRemoteUrlAccessEnabled":false,"userAgent":"Mozilla/5.0 (Unknown; Linux x86_64) AppleWebKit/534.34 (KHTML, like Gecko) PhantomJS/1.9.7 Safari/534.34","webSecurityEnabled":true}
[INFO  - 2014-04-08T03:17:37.453Z] Session [55de6190-becc-11e3-aef9-0f5a456d36ca] - page.customHeaders:  - {}
[INFO  - 2014-04-08T03:17:37.453Z] Session [55de6190-becc-11e3-aef9-0f5a456d36ca] - Session.negotiatedCapabilities - {"browserName":"phantomjs","version":"1.9.7","driverName":"ghostdriver","driverVersion":"1.1.0","platform":"linux-unknown-64bit","javascriptEnabled":true,"takesScreenshot":true,"handlesAlerts":false,"databaseEnabled":false,"locationContextEnabled":false,"applicationCacheEnabled":false,"browserConnectionEnabled":false,"cssSelectorsEnabled":true,"webStorageEnabled":false,"rotatable":false,"acceptSslCerts":false,"nativeEvents":true,"proxy":{"proxyType":"direct"}}
[INFO  - 2014-04-08T03:17:37.453Z] SessionManagerReqHand - _postNewSessionCommand - New Session Created: 55de6190-becc-11e3-aef9-0f5a456d36ca
[INFO  - 2014-04-08T03:17:37.572Z] ShutdownReqHand - _handle - About to shutdown
[INFO  - 2014-04-08T03:18:34.083Z] GhostDriver - Main - running on port 7580
[INFO  - 2014-04-08T03:18:34.504Z] Session [77df5e20-becc-11e3-9673-1de0eb267e2f] - page.settings - {"XSSAuditingEnabled":false,"javascriptCanCloseWindows":true,"javascriptCanOpenWindows":true,"javascriptEnabled":true,"loadImages":true,"localToRemoteUrlAccessEnabled":false,"userAgent":"Mozilla/5.0 (Unknown; Linux x86_64) AppleWebKit/534.34 (KHTML, like Gecko) PhantomJS/1.9.7 Safari/534.34","webSecurityEnabled":true}
[INFO  - 2014-04-08T03:18:34.504Z] Session [77df5e20-becc-11e3-9673-1de0eb267e2f] - page.customHeaders:  - {}
[INFO  - 2014-04-08T03:18:34.504Z] Session [77df5e20-becc-11e3-9673-1de0eb267e2f] - Session.negotiatedCapabilities - {"browserName":"phantomjs","version":"1.9.7","driverName":"ghostdriver","driverVersion":"1.1.0","platform":"linux-unknown-64bit","javascriptEnabled":true,"takesScreenshot":true,"handlesAlerts":false,"databaseEnabled":false,"locationContextEnabled":false,"applicationCacheEnabled":false,"browserConnectionEnabled":false,"cssSelectorsEnabled":true,"webStorageEnabled":false,"rotatable":false,"acceptSslCerts":false,"nativeEvents":true,"proxy":{"proxyType":"direct"}}
[INFO  - 2014-04-08T03:18:34.504Z] SessionManagerReqHand - _postNewSessionCommand - New Session Created: 77df5e20-becc-11e3-9673-1de0eb267e2f
[INFO  - 2014-04-08T03:18:35.493Z] ShutdownReqHand - _handle - About to shutdown
[INFO  - 2014-04-08T03:19:16.885Z] GhostDriver - Main - running on port 23708
[INFO  - 2014-04-08T03:19:17.315Z] Session [91644400-becc-11e3-8c56-e9dc2707dc85] - page.settings - {"XSSAuditingEnabled":false,"javascriptCanCloseWindows":true,"javascriptCanOpenWindows":true,"javascriptEnabled":true,"loadImages":true,"localToRemoteUrlAccessEnabled":false,"userAgent":"Mozilla/5.0 (Unknown; Linux x86_64) AppleWebKit/534.34 (KHTML, like Gecko) PhantomJS/1.9.7 Safari/534.34","webSecurityEnabled":true}
[INFO  - 2014-04-08T03:19:17.316Z] Session [91644400-becc-11e3-8c56-e9dc2707dc85] - page.customHeaders:  - {}
[INFO  - 2014-04-08T03:19:17.316Z] Session [91644400-becc-11e3-8c56-e9dc2707dc85] - Session.negotiatedCapabilities - {"browserName":"phantomjs","version":"1.9.7","driverName":"ghostdriver","driverVersion":"1.1.0","platform":"linux-unknown-64bit","javascriptEnabled":true,"takesScreenshot":true,"handlesAlerts":false,"databaseEnabled":false,"locationContextEnabled":false,"applicationCacheEnabled":false,"browserConnectionEnabled":false,"cssSelectorsEnabled":true,"webStorageEnabled":false,"rotatable":false,"acceptSslCerts":false,"nativeEvents":true,"proxy":{"proxyType":"direct"}}
[INFO  - 2014-04-08T03:19:17.316Z] SessionManagerReqHand - _postNewSessionCommand - New Session Created: 91644400-becc-11e3-8c56-e9dc2707dc85
[INFO  - 2014-04-08T03:19:19.532Z] ShutdownReqHand - _handle - About to shutdown
[INFO  - 2014-04-08T03:20:02.852Z] GhostDriver - Main - running on port 24943
[INFO  - 2014-04-08T03:20:03.281Z] Session [acc9f7d0-becc-11e3-a7a5-e144ce4ff027] - page.settings - {"XSSAuditingEnabled":false,"javascriptCanCloseWindows":true,"javascriptCanOpenWindows":true,"javascriptEnabled":true,"loadImages":true,"localToRemoteUrlAccessEnabled":false,"userAgent":"Mozilla/5.0 (Unknown; Linux x86_64) AppleWebKit/534.34 (KHTML, like Gecko) PhantomJS/1.9.7 Safari/534.34","webSecurityEnabled":true}
[INFO  - 2014-04-08T03:20:03.281Z] Session [acc9f7d0-becc-11e3-a7a5-e144ce4ff027] - page.customHeaders:  - {}
[INFO  - 2014-04-08T03:20:03.281Z] Session [acc9f7d0-becc-11e3-a7a5-e144ce4ff027] - Session.negotiatedCapabilities - {"browserName":"phantomjs","version":"1.9.7","driverName":"ghostdriver","driverVersion":"1.1.0","platform":"linux-unknown-64bit","javascriptEnabled":true,"takesScreenshot":true,"handlesAlerts":false,"databaseEnabled":false,"locationContextEnabled":false,"applicationCacheEnabled":false,"browserConnectionEnabled":false,"cssSelectorsEnabled":true,"webStorageEnabled":false,"rotatable":false,"acceptSslCerts":false,"nativeEvents":true,"proxy":{"proxyType":"direct"}}
[INFO  - 2014-04-08T03:20:03.281Z] SessionManagerReqHand - _postNewSessionCommand - New Session Created: acc9f7d0-becc-11e3-a7a5-e144ce4ff027
[INFO  - 2014-04-08T03:20:05.500Z] ShutdownReqHand - _handle - About to shutdown
